<?xml version="1.0" encoding="UTF-8"?>
<testng-results skipped="0" failed="0" total="1" passed="1">
  <reporter-output>
  </reporter-output>
  <suite name="Default suite" duration-ms="4563" started-at="2021-04-10T16:25:28Z" finished-at="2021-04-10T16:25:32Z">
    <groups>
    </groups>
    <test name="Default test" duration-ms="4563" started-at="2021-04-10T16:25:28Z" finished-at="2021-04-10T16:25:32Z">
      <class name="Sampleproject.E2Eproject.Homepage">
        <test-method status="PASS" signature="pagenavigation()[pri:0, instance:Sampleproject.E2Eproject.Homepage@52af6cff]" name="pagenavigation" duration-ms="4542" started-at="2021-04-10T17:25:28Z" finished-at="2021-04-10T17:25:32Z">
          <reporter-output>
          </reporter-output>
        </test-method> <!-- pagenavigation -->
      </class> <!-- Sampleproject.E2Eproject.Homepage -->
    </test> <!-- Default test -->
  </suite> <!-- Default suite -->
</testng-results>
